This is pdfTeX, Version 3.14159265-2.6-1.40.17 (TeX Live 2016/Debian) (preloaded format=pdflatex 2017.9.28)  29 NOV 2017 10:15
entering extended mode
 \write18 enabled.
 file:line:error style messages enabled.
 %&-line parsing enabled.
**\input out.tex
(./out.tex (/usr/share/texlive/texmf-dist/tex/latex/memoir/memoir.cls
Document Class: memoir 2016/05/16 v3.7f configurable book, report, article docu
ment class
\onelineskip=\skip41
\lxvchars=\skip42
\xlvchars=\skip43
\@memcnta=\count79
\c@@memmarkcntra=\count80
(/usr/share/texlive/texmf-dist/tex/generic/oberdiek/ifpdf.sty
Package: ifpdf 2016/05/14 v3.1 Provides the ifpdf switch
)
(/usr/share/texlive/texmf-dist/tex/latex/ifetex/ifetex.sty
Package: ifetex 2011/12/15 v1.2 ifetex

(/usr/share/texlive/texmf-dist/tex/plain/ifetex/ifetex.tex))
(/usr/share/texlive/texmf-dist/tex/generic/ifxetex/ifxetex.sty
Package: ifxetex 2010/09/12 v0.6 Provides ifxetex conditional
)
(/usr/share/texlive/texmf-dist/tex/generic/oberdiek/ifluatex.sty
Package: ifluatex 2016/05/16 v1.4 Provides the ifluatex switch (HO)
Package ifluatex Info: LuaTeX not detected.
)
\stockheight=\skip44
\stockwidth=\skip45
\trimtop=\skip46
\trimedge=\skip47

(/usr/share/texlive/texmf-dist/tex/latex/memoir/mem10.clo
File: mem10.clo 2008/01/30 v0.3 memoir class 10pt size option
)
\binding=\skip48
\spinemargin=\skip49
\foremargin=\skip50
\uppermargin=\skip51
\lowermargin=\skip52
\headdrop=\skip53
\normalrulethickness=\skip54
\mem@maxheadheight=\skip55
\mem@maxfootheight=\skip56
\headwidth=\skip57
\c@storedpagenumber=\count81
\memPD=\dimen102
\m@mabparskip=\skip58
\thanksmarkwidth=\skip59
\thanksmarksep=\skip60
\droptitle=\skip61
\c@book=\count82
\c@part=\count83
\c@chapter=\count84
\c@section=\count85
\c@subsection=\count86
\c@subsubsection=\count87
\c@paragraph=\count88
\c@subparagraph=\count89
\beforechapskip=\skip62
\midchapskip=\skip63
\afterchapskip=\skip64
\chapindent=\skip65
\bottomsectionskip=\skip66
\secindent=\skip67
\beforesecskip=\skip68
\aftersecskip=\skip69
\subsecindent=\skip70
\beforesubsecskip=\skip71
\aftersubsecskip=\skip72
\subsubsecindent=\skip73
\beforesubsubsecskip=\skip74
\aftersubsubsecskip=\skip75
\paraindent=\skip76
\beforeparaskip=\skip77
\afterparaskip=\skip78
\subparaindent=\skip79
\beforesubparaskip=\skip80
\aftersubparaskip=\skip81
\pfbreakskip=\skip82
\c@@ppsavesec=\count90
\c@@ppsaveapp=\count91
\ragrparindent=\dimen103
\everylistparindent=\dimen104
\parsepi=\skip83
\topsepi=\skip84
\itemsepi=\skip85
\parsepii=\skip86
\topsepii=\skip87
\topsepiii=\skip88
\itemsepii=\skip89
\itemsepiii=\skip90
\partopsepii=\skip91
\partopsepiii=\skip92
\m@msavetopsep=\skip93
\m@msavepartopsep=\skip94
\@enLab=\toks14
\abstitleskip=\skip95
\absleftindent=\skip96
\abs@leftindent=\dimen105
\absrightindent=\skip97
\absparindent=\skip98
\absparsep=\skip99
\c@vslineno=\count92
\c@poemline=\count93
\c@modulo@vs=\count94
\c@memfvsline=\count95
\vleftskip=\skip100
\vrightskip=\skip101
\stanzaskip=\skip102
\versewidth=\skip103
\vgap=\skip104
\vindent=\skip105
\vleftmargin=\dimen106
\c@verse=\count96
\c@chrsinstr=\count97
\beforepoemtitleskip=\skip106
\afterpoemtitleskip=\skip107
\c@poem=\count98
\beforePoemTitleskip=\skip108
\midPoemTitleskip=\skip109
\afterPoemTitleskip=\skip110
\col@sep=\dimen107
\extrarowheight=\dimen108
\NC@list=\toks15
\extratabsurround=\skip111
\backup@length=\skip112
\TX@col@width=\dimen109
\TX@old@table=\dimen110
\TX@old@col=\dimen111
\TX@target=\dimen112
\TX@delta=\dimen113
\TX@cols=\count99
\TX@ftn=\toks16
\heavyrulewidth=\dimen114
\lightrulewidth=\dimen115
\cmidrulewidth=\dimen116
\belowrulesep=\dimen117
\belowbottomsep=\dimen118
\aboverulesep=\dimen119
\abovetopsep=\dimen120
\cmidrulesep=\dimen121
\cmidrulekern=\dimen122
\defaultaddspace=\dimen123
\@cmidla=\count100
\@cmidlb=\count101
\@aboverulesep=\dimen124
\@belowrulesep=\dimen125
\@thisruleclass=\count102
\@lastruleclass=\count103
\@thisrulewidth=\dimen126
\ctableftskip=\skip113
\ctabrightskip=\skip114
\abovecolumnspenalty=\count104
\@linestogo=\count105
\@cellstogo=\count106
\@cellsincolumn=\count107
\crtok=\toks17
\@mincolumnwidth=\dimen127
\c@newflo@tctr=\count108
\mem@margin@floatbox=\box26
\@contcwidth=\skip115
\@contindw=\skip116
\abovecaptionskip=\skip117
\belowcaptionskip=\skip118
\subfloattopskip=\skip119
\subfloatcapskip=\skip120
\subfloatcaptopadj=\skip121
\subfloatbottomskip=\skip122
\subfloatlabelskip=\skip123
\subfloatcapmargin=\dimen128
\c@@contsubnum=\count109
\m@mscap@capbox=\box27
\m@mscap@fbox=\box28
\sidecapsep=\dimen129
\sidecapwidth=\dimen130
\m@m@tempdima=\dimen131
\m@mscapraise=\dimen132
\sidecapraise=\dimen133
\m@mscapmainwidth=\dimen134
\m@mscaplkern=\dimen135
\beforeepigraphskip=\skip124
\afterepigraphskip=\skip125
\epigraphwidth=\skip126
\epigraphrule=\skip127
LaTeX Info: Redefining \em on input line 7551.
LaTeX Info: Redefining \emph on input line 7559.
\tocentryskip=\skip128
\tocbaseline=\skip129
\cftparskip=\skip130
\cftbeforebookskip=\skip131
\cftbookindent=\dimen136
\cftbooknumwidth=\dimen137
\cftbeforepartskip=\skip132
\cftpartindent=\skip133
\cftpartnumwidth=\skip134
\cftbeforechapterskip=\skip135
\cftchapterindent=\skip136
\cftchapternumwidth=\skip137
\cftbeforesectionskip=\skip138
\cftsectionindent=\skip139
\cftsectionnumwidth=\skip140
\cftbeforesubsectionskip=\skip141
\cftsubsectionindent=\skip142
\cftsubsectionnumwidth=\skip143
\cftbeforesubsubsectionskip=\skip144
\cftsubsubsectionindent=\skip145
\cftsubsubsectionnumwidth=\skip146
\cftbeforeparagraphskip=\skip147
\cftparagraphindent=\skip148
\cftparagraphnumwidth=\skip149
\cftbeforesubparagraphskip=\skip150
\cftsubparagraphindent=\skip151
\cftsubparagraphnumwidth=\skip152
\prechapterprecisshift=\dimen138
\c@maxsecnumdepth=\count110
\bibindent=\dimen139
\bibitemsep=\skip153
\indexcolsep=\skip154
\indexrule=\skip155
\indexmarkstyle=\toks18
\@indexbox=\insert199
\glossarycolsep=\dimen140
\glossaryrule=\dimen141
\sideparvshift=\skip156
\sideins=\insert198
\sidebartopsep=\skip157
\sidebarhsep=\skip158
\sidebarvsep=\skip159
\sidebarwidth=\skip160
\footmarkwidth=\skip161
\footmarksep=\skip162
\footparindent=\skip163
\footinsdim=\skip164
\footinsv@r=\insert197
\@mpfootinsv@r=\insert196
\m@m@k=\count111
\m@m@h=\dimen142
\m@mipn@skip=\skip165
\sidefootins=\insert195
\sidefootadjust=\skip166
\sidefootheight=\skip167
\sidefoothsep=\skip168
\sidefootvsep=\skip169
\sidefootwidth=\skip170
\m@mdownsf=\skip171
\c@sidefootnote=\count112
\sidefootmarkwidth=\skip172
\sidefootmarksep=\skip173
\sidefootparindent=\skip174
\c@pagenote=\count113
\c@pagenoteshadow=\count114
\mem@pn@lastkern=\skip175
\every@verbatim=\toks19
\afterevery@verbatim=\toks20
\verbatim@line=\toks21
\tab@position=\count115
\verbatim@in@stream=\read1
\verbatimindent=\skip176
\verbatim@out=\write3
\bvboxsep=\skip177
\c@memfbvline=\count116
\c@bvlinectr=\count117
\bvnumlength=\skip178
\fb@frw=\dimen143
\fb@frh=\dimen144
\FrameRule=\dimen145
\FrameSep=\dimen146
\c@cp@cntr=\count118
LaTeX Info: Redefining \: on input line 12068.
LaTeX Info: Redefining \! on input line 12070.
\c@ism@mctr=\count119
\c@xsm@mctr=\count120
\c@csm@mctr=\count121
\c@ksm@mctr=\count122
\c@xksm@mctr=\count123
\c@cksm@mctr=\count124
\c@msm@mctr=\count125
\c@xmsm@mctr=\count126
\c@cmsm@mctr=\count127
\c@bsm@mctr=\count128
\c@workm@mctr=\count129
\c@sheetsequence=\count130
\c@lastsheet=\count131
\c@lastpage=\count132
\c@figure=\count133
\c@lofdepth=\count134
\cftbeforefigureskip=\skip179
\cftfigureindent=\skip180
\cftfigurenumwidth=\skip181
\c@table=\count135
\c@lotdepth=\count136
\cftbeforetableskip=\skip182
\cfttableindent=\skip183
\cfttablenumwidth=\skip184
Package abstract [2008/07/23] emulated by memoir.
Package appendix [2008/07/23] emulated by memoir.
Package array [2008/09/09] emulated by memoir.
Package booktabs [2016/05/16] emulated by memoir.
Package ccaption [2008/07/23] emulated by memoir.
Package changepage [2008/07/23] emulated by memoir.
Package chngcntr [2008/07/23] emulated by memoir.
Package chngpage [2008/07/23] emulated by memoir.
Package crop emulated by memoir.
Package dcolumn [2008/07/23] emulated by memoir.
Package delarray [2008/07/23] emulated by memoir.
Package enumerate [2008/07/23] emulated by memoir.
Package epigraph [2008/07/23] emulated by memoir.
Package ifmtarg [2008/07/23] emulated by memoir.
Package index [2008/07/23] emulated by memoir.
Package makeidx [2008/07/23] emulated by memoir.
Package moreverb [2008/07/23] emulated by memoir.
Package mparhack [2008/07/23] emulated by memoir.
Package needspace [2008/07/23] emulated by memoir.
Package newfile [2008/07/23] emulated by memoir.
Package nextpage [2008/07/23] emulated by memoir.
Package pagenote [2008/07/23] emulated by memoir.
Package parskip [2008/07/23] emulated by memoir.
Package patchcmd [2008/07/23] emulated by memoir.
Package setspace [2008/07/23] emulated by memoir.
Package shortvrb [2008/07/23] emulated by memoir.
Package showidx [2008/07/23] emulated by memoir.
Package tabularx [2008/07/23] emulated by memoir.
Package titleref [2008/07/23] emulated by memoir.
Package titling [2008/07/23] emulated by memoir.
Package tocbibind [2008/07/23] emulated by memoir.
Package tocloft [2008/07/23] emulated by memoir.
Package tocvsec2 [2008/07/23] emulated by memoir.
Package verbatim [2008/07/23] emulated by memoir.
Package verse [2008/07/23] emulated by memoir.

(/usr/share/texlive/texmf-dist/tex/latex/memoir/mempatch.sty
Package: mempatch 2009/07/24 v6.0f Patches for memoir class v1.6180339
))
(/usr/share/texlive/texmf-dist/tex/latex/hyperref/hyperref.sty
Package: hyperref 2016/06/24 v6.83q Hypertext links for LaTeX

(/usr/share/texlive/texmf-dist/tex/generic/oberdiek/hobsub-hyperref.sty
Package: hobsub-hyperref 2016/05/16 v1.14 Bundle oberdiek, subset hyperref (HO)


(/usr/share/texlive/texmf-dist/tex/generic/oberdiek/hobsub-generic.sty
Package: hobsub-generic 2016/05/16 v1.14 Bundle oberdiek, subset generic (HO)
Package: hobsub 2016/05/16 v1.14 Construct package bundles (HO)
Package: infwarerr 2016/05/16 v1.4 Providing info/warning/error messages (HO)
Package: ltxcmds 2016/05/16 v1.23 LaTeX kernel commands for general use (HO)
Package hobsub Info: Skipping package `ifluatex' (already loaded).
Package: ifvtex 2016/05/16 v1.6 Detect VTeX and its facilities (HO)
Package ifvtex Info: VTeX not detected.
Package: intcalc 2016/05/16 v1.2 Expandable calculations with integers (HO)
Package hobsub Info: Skipping package `ifpdf' (already loaded).
Package: etexcmds 2016/05/16 v1.6 Avoid name clashes with e-TeX commands (HO)
Package etexcmds Info: Could not find \expanded.
(etexcmds)             That can mean that you are not using pdfTeX 1.50 or
(etexcmds)             that some package has redefined \expanded.
(etexcmds)             In the latter case, load this package earlier.
Package: kvsetkeys 2016/05/16 v1.17 Key value parser (HO)
Package: kvdefinekeys 2016/05/16 v1.4 Define keys (HO)
Package: pdftexcmds 2016/05/21 v0.22 Utility functions of pdfTeX for LuaTeX (HO
)
Package pdftexcmds Info: LuaTeX not detected.
Package pdftexcmds Info: \pdf@primitive is available.
Package pdftexcmds Info: \pdf@ifprimitive is available.
Package pdftexcmds Info: \pdfdraftmode found.
Package: pdfescape 2016/05/16 v1.14 Implements pdfTeX's escape features (HO)
Package: bigintcalc 2016/05/16 v1.4 Expandable calculations on big integers (HO
)
Package: bitset 2016/05/16 v1.2 Handle bit-vector datatype (HO)
Package: uniquecounter 2016/05/16 v1.3 Provide unlimited unique counter (HO)
)
Package hobsub Info: Skipping package `hobsub' (already loaded).
Package: letltxmacro 2016/05/16 v1.5 Let assignment for LaTeX macros (HO)
Package: hopatch 2016/05/16 v1.3 Wrapper for package hooks (HO)
Package: xcolor-patch 2016/05/16 xcolor patch
Package: atveryend 2016/05/16 v1.9 Hooks at the very end of document (HO)
Package atveryend Info: \enddocument detected (standard20110627).
Package: atbegshi 2016/06/09 v1.18 At begin shipout hook (HO)
Package: refcount 2016/05/16 v3.5 Data extraction from label references (HO)
Package: hycolor 2016/05/16 v1.8 Color options for hyperref/bookmark (HO)
)
(/usr/share/texlive/texmf-dist/tex/latex/graphics/keyval.sty
Package: keyval 2014/10/28 v1.15 key=value parser (DPC)
\KV@toks@=\toks22
)
(/usr/share/texlive/texmf-dist/tex/latex/oberdiek/auxhook.sty
Package: auxhook 2016/05/16 v1.4 Hooks for auxiliary files (HO)
)
(/usr/share/texlive/texmf-dist/tex/latex/oberdiek/kvoptions.sty
Package: kvoptions 2016/05/16 v3.12 Key value format for package options (HO)
)
\@linkdim=\dimen147
\Hy@linkcounter=\count137
\Hy@pagecounter=\count138

(/usr/share/texlive/texmf-dist/tex/latex/hyperref/pd1enc.def
File: pd1enc.def 2016/06/24 v6.83q Hyperref: PDFDocEncoding definition (HO)
)
\Hy@SavedSpaceFactor=\count139

(/usr/share/texlive/texmf-dist/tex/latex/latexconfig/hyperref.cfg
File: hyperref.cfg 2002/06/06 v1.2 hyperref configuration of TeXLive
)
Package hyperref Info: Hyper figures OFF on input line 4486.
Package hyperref Info: Link nesting OFF on input line 4491.
Package hyperref Info: Hyper index ON on input line 4494.
Package hyperref Info: Plain pages OFF on input line 4501.
Package hyperref Info: Backreferencing OFF on input line 4506.
Package hyperref Info: Implicit mode ON; LaTeX internals redefined.
Package hyperref Info: Bookmarks ON on input line 4735.
\c@Hy@tempcnt=\count140

(/usr/share/texlive/texmf-dist/tex/latex/url/url.sty
\Urlmuskip=\muskip10
Package: url 2013/09/16  ver 3.4  Verb mode for urls, etc.
)
LaTeX Info: Redefining \url on input line 5088.
\XeTeXLinkMargin=\dimen148
\Fld@menulength=\count141
\Field@Width=\dimen149
\Fld@charsize=\dimen150
Package hyperref Info: Hyper figures OFF on input line 6342.
Package hyperref Info: Link nesting OFF on input line 6347.
Package hyperref Info: Hyper index ON on input line 6350.
Package hyperref Info: backreferencing OFF on input line 6357.
Package hyperref Info: Link coloring OFF on input line 6362.
Package hyperref Info: Link coloring with OCG OFF on input line 6367.
Package hyperref Info: PDF/A mode OFF on input line 6372.
LaTeX Info: Redefining \ref on input line 6412.
LaTeX Info: Redefining \pageref on input line 6416.
\Hy@abspage=\count142
\c@Item=\count143
\c@Hfootnote=\count144
)
(/usr/share/texlive/texmf-dist/tex/latex/memoir/memhfixc.sty
Package: memhfixc 2013/05/30 v1.17 nameref/hyperref package fixes for memoir cl
ass
\c@memhycontfloat=\count145
\c@Hpagenote=\count146
)

Package hyperref Message: Driver (autodetected): hpdftex.

(/usr/share/texlive/texmf-dist/tex/latex/hyperref/hpdftex.def
File: hpdftex.def 2016/06/24 v6.83q Hyperref driver for pdfTeX
\Fld@listcount=\count147
\c@bookmark@seq@number=\count148

(/usr/share/texlive/texmf-dist/tex/latex/oberdiek/rerunfilecheck.sty
Package: rerunfilecheck 2016/05/16 v1.8 Rerun checks for auxiliary files (HO)
Package uniquecounter Info: New unique counter `rerunfilecheck' on input line 2
82.
)
\Hy@SectionHShift=\skip185
)
(/usr/share/texlive/texmf-dist/tex/latex/graphics/graphicx.sty
Package: graphicx 2014/10/28 v1.0g Enhanced LaTeX Graphics (DPC,SPQR)

(/usr/share/texlive/texmf-dist/tex/latex/graphics/graphics.sty
Package: graphics 2016/10/09 v1.0u Standard LaTeX Graphics (DPC,SPQR)

(/usr/share/texlive/texmf-dist/tex/latex/graphics/trig.sty
Package: trig 2016/01/03 v1.10 sin cos tan (DPC)
)
(/usr/share/texlive/texmf-dist/tex/latex/graphics-cfg/graphics.cfg
File: graphics.cfg 2016/06/04 v1.11 sample graphics configuration
)
Package graphics Info: Driver file: pdftex.def on input line 99.

(/usr/share/texlive/texmf-dist/tex/latex/graphics-def/pdftex.def
File: pdftex.def 2017/01/12 v0.06k Graphics/color for pdfTeX
\Gread@gobject=\count149
))
\Gin@req@height=\dimen151
\Gin@req@width=\dimen152
)
(/usr/share/texlive/texmf-dist/tex/latex/amsmath/amsmath.sty
Package: amsmath 2016/11/05 v2.16a AMS math features
\@mathmargin=\skip186

For additional information on amsmath, use the `?' option.
(/usr/share/texlive/texmf-dist/tex/latex/amsmath/amstext.sty
Package: amstext 2000/06/29 v2.01 AMS text

(/usr/share/texlive/texmf-dist/tex/latex/amsmath/amsgen.sty
File: amsgen.sty 1999/11/30 v2.0 generic functions
\@emptytoks=\toks23
\ex@=\dimen153
))
(/usr/share/texlive/texmf-dist/tex/latex/amsmath/amsbsy.sty
Package: amsbsy 1999/11/29 v1.2d Bold Symbols
\pmbraise@=\dimen154
)
(/usr/share/texlive/texmf-dist/tex/latex/amsmath/amsopn.sty
Package: amsopn 2016/03/08 v2.02 operator names
)
\inf@bad=\count150
LaTeX Info: Redefining \frac on input line 213.
\uproot@=\count151
\leftroot@=\count152
LaTeX Info: Redefining \overline on input line 375.
\classnum@=\count153
\DOTSCASE@=\count154
LaTeX Info: Redefining \ldots on input line 472.
LaTeX Info: Redefining \dots on input line 475.
LaTeX Info: Redefining \cdots on input line 596.
\Mathstrutbox@=\box29
\strutbox@=\box30
\big@size=\dimen155
LaTeX Font Info:    Redeclaring font encoding OML on input line 712.
LaTeX Font Info:    Redeclaring font encoding OMS on input line 713.
\macc@depth=\count155
\c@MaxMatrixCols=\count156
\dotsspace@=\muskip11
\c@parentequation=\count157
\dspbrk@lvl=\count158
\tag@help=\toks24
\row@=\count159
\column@=\count160
\maxfields@=\count161
\andhelp@=\toks25
\eqnshift@=\dimen156
\alignsep@=\dimen157
\tagshift@=\dimen158
\tagwidth@=\dimen159
\totwidth@=\dimen160
\lineht@=\dimen161
\@envbody=\toks26
\multlinegap=\skip187
\multlinetaggap=\skip188
\mathdisplay@stack=\toks27
LaTeX Info: Redefining \[ on input line 2817.
LaTeX Info: Redefining \] on input line 2818.
)
(/usr/share/texlive/texmf-dist/tex/latex/amscls/amsthm.sty
Package: amsthm 2015/03/04 v2.20.2
\thm@style=\toks28
\thm@bodyfont=\toks29
\thm@headfont=\toks30
\thm@notefont=\toks31
\thm@headpunct=\toks32
\thm@preskip=\skip189
\thm@postskip=\skip190
\thm@headsep=\skip191
\dth@everypar=\toks33
)
(/usr/share/texlive/texmf-dist/tex/latex/amsfonts/amssymb.sty
Package: amssymb 2013/01/14 v3.01 AMS font symbols

(/usr/share/texlive/texmf-dist/tex/latex/amsfonts/amsfonts.sty
Package: amsfonts 2013/01/14 v3.01 Basic AMSFonts support
\symAMSa=\mathgroup4
\symAMSb=\mathgroup5
LaTeX Font Info:    Overwriting math alphabet `\mathfrak' in version `bold'
(Font)                  U/euf/m/n --> U/euf/b/n on input line 106.
)) (./out.aux

LaTeX Warning: Label `importantEquation' multiply defined.

)
\openout1 = `out.aux'.

LaTeX Font Info:    Checking defaults for OML/cmm/m/it on input line 1.
LaTeX Font Info:    ... okay on input line 1.
LaTeX Font Info:    Checking defaults for T1/cmr/m/n on input line 1.
LaTeX Font Info:    ... okay on input line 1.
LaTeX Font Info:    Checking defaults for OT1/cmr/m/n on input line 1.
LaTeX Font Info:    ... okay on input line 1.
LaTeX Font Info:    Checking defaults for OMS/cmsy/m/n on input line 1.
LaTeX Font Info:    ... okay on input line 1.
LaTeX Font Info:    Checking defaults for OMX/cmex/m/n on input line 1.
LaTeX Font Info:    ... okay on input line 1.
LaTeX Font Info:    Checking defaults for U/cmr/m/n on input line 1.
LaTeX Font Info:    ... okay on input line 1.
LaTeX Font Info:    Checking defaults for PD1/pdf/m/n on input line 1.
LaTeX Font Info:    ... okay on input line 1.
\AtBeginShipoutBox=\box31
Package hyperref Info: Link coloring OFF on input line 1.
 (/usr/share/texlive/texmf-dist/tex/latex/hyperref/nameref.sty
Package: nameref 2016/05/21 v2.44 Cross-referencing by name of section

(/usr/share/texlive/texmf-dist/tex/generic/oberdiek/gettitlestring.sty
Package: gettitlestring 2016/05/16 v1.5 Cleanup title references (HO)
)
\c@section@level=\count162
)
Redoing nameref's sectioning
Redoing nameref's label
LaTeX Info: Redefining \nameref on input line 1.
LaTeX Info: Redefining \ref on input line 1.
LaTeX Info: Redefining \pageref on input line 1.
LaTeX Info: Redefining \nameref on input line 1.
(./out.out) (./out.out)
\@outlinefile=\write4
\openout4 = `out.out'.


(/usr/share/texlive/texmf-dist/tex/context/base/mkii/supp-pdf.mkii
[Loading MPS to PDF converter (version 2006.09.02).]
\scratchcounter=\count163
\scratchdimen=\dimen162
\scratchbox=\box32
\nofMPsegments=\count164
\nofMParguments=\count165
\everyMPshowfont=\toks34
\MPscratchCnt=\count166
\MPscratchDim=\dimen163
\MPnumerator=\count167
\makeMPintoPDFobject=\count168
\everyMPtoPDFconversion=\toks35
) (/usr/share/texlive/texmf-dist/tex/latex/oberdiek/epstopdf-base.sty
Package: epstopdf-base 2016/05/15 v2.6 Base part for package epstopdf

(/usr/share/texlive/texmf-dist/tex/latex/oberdiek/grfext.sty
Package: grfext 2016/05/16 v1.2 Manage graphics extensions (HO)
)
Package epstopdf-base Info: Redefining graphics rule for `.eps' on input line 4
38.
Package grfext Info: Graphics extension search list:
(grfext)             [.png,.pdf,.jpg,.mps,.jpeg,.jbig2,.jb2,.PNG,.PDF,.JPG,.JPE
G,.JBIG2,.JB2,.eps]
(grfext)             \AppendGraphicsExtensions on input line 456.

(/usr/share/texlive/texmf-dist/tex/latex/latexconfig/epstopdf-sys.cfg
File: epstopdf-sys.cfg 2010/07/13 v1.3 Configuration of (r)epstopdf for TeX Liv
e
))
LaTeX Font Info:    Try loading font information for U+msa on input line 1.

(/usr/share/texlive/texmf-dist/tex/latex/amsfonts/umsa.fd
File: umsa.fd 2013/01/14 v3.01 AMS symbols A
)
LaTeX Font Info:    Try loading font information for U+msb on input line 1.

(/usr/share/texlive/texmf-dist/tex/latex/amsfonts/umsb.fd
File: umsb.fd 2013/01/14 v3.01 AMS symbols B
) (./out.toc) [1

{/var/lib/texmf/fonts/map/pdftex/updmap/pdftex.map}] [2

]

Package hyperref Warning: Suppressing link with empty target on input line 1.

./out.tex:5: You can't use `\spacefactor' in math mode.
\@->\spacefactor 
                 \@m {}
l.5 $\LaTeX
           $ and HTML5).  It has a number of features that are not found
Sorry, but I'm not programmed to handle this case;
I'll just pretend that you didn't ask for it.
If you're in the wrong mode, you might be able to
return to the right one by typing `I}' or `I$' or `I\par'.

Missing character: There is no è in font cmex10!

LaTeX Warning: Reference `here' on page 3 undefined on input line 13.

[3]

LaTeX Warning: Reference `Haskell programming language' on page 4 undefined on 
input line 59.

[4]

./out.tex:86: LaTeX Error: \verb ended by end of line.

See the LaTeX manual or LaTeX Companion for explanation.
Type  H <return>  for immediate help.
 ...                                              
                                                  
l.86 \verb`I am a paragraph!  Hear me roar!
                                           
Try typing  <return>  to proceed.
If that doesn't work, type  X <return>  to quit.


./out.tex:92: LaTeX Error: \verb ended by end of line.

See the LaTeX manual or LaTeX Companion for explanation.
Type  H <return>  for immediate help.
 ...                                              
                                                  
l.92 \verb`I am a paragraph!  Hear me roar!
                                           
Try typing  <return>  to proceed.
If that doesn't work, type  X <return>  to quit.


./out.tex:109: LaTeX Error: \verb ended by end of line.

See the LaTeX manual or LaTeX Companion for explanation.
Type  H <return>  for immediate help.
 ...                                              
                                                  
l.109 ...n be given an identifier using the syntax
                                                  
Try typing  <return>  to proceed.
If that doesn't work, type  X <return>  to quit.

./out.tex:110: You can't use `macro parameter character #' in horizontal mode.
l.110 `[[#
          idName]]`.  This immediately follows the thing you wish to
Sorry, but I'm not programmed to handle this case;
I'll just pretend that you didn't ask for it.
If you're in the wrong mode, you might be able to
return to the right one by typing `I}' or `I$' or `I\par'.


LaTeX Warning: Reference `section on links' on page 5 undefined on input line 1
13.


Overfull \hbox (89.30254pt too wide) in paragraph at lines 109--114
[][]\OT1/cmtt/m/n/10 Nearly everything in idoc can be given an identifier using
 the syntax\OT1/cmr/m/n/10 `[[idName]]`.
 []


./out.tex:121: LaTeX Error: \verb ended by end of line.

See the LaTeX manual or LaTeX Companion for explanation.
Type  H <return>  for immediate help.
 ...                                              
                                                  
l.121 ...list.  It can contain paragraph contents.
                                                  
Try typing  <return>  to proceed.
If that doesn't work, type  X <return>  to quit.

[5]

./out.tex:125: LaTeX Error: \verb ended by end of line.

See the LaTeX manual or LaTeX Companion for explanation.
Type  H <return>  for immediate help.
 ...                                              
                                                  
l.125 ...enumerate}\verb`.This is a numbered list.
                                                  
Try typing  <return>  to proceed.
If that doesn't work, type  X <return>  to quit.


./out.tex:129: LaTeX Error: \verb ended by end of line.

See the LaTeX manual or LaTeX Companion for explanation.
Type  H <return>  for immediate help.
 ...                                              
                                                  
l.129 ...is is a list where the items have labels.
                                                  
Try typing  <return>  to proceed.
If that doesn't work, type  X <return>  to quit.

./out.tex:146: You can't use `\spacefactor' in math mode.
\@->\spacefactor 
                 \@m {}
l.146 ...ne math is done just using normal $\LaTeX
                                                  $ syntax by doing enclosing
Sorry, but I'm not programmed to handle this case;
I'll just pretend that you didn't ask for it.
If you're in the wrong mode, you might be able to
return to the right one by typing `I}' or `I$' or `I\par'.

Missing character: There is no è in font cmex10!

./out.tex:150: LaTeX Error: \verb ended by end of line.

See the LaTeX manual or LaTeX Companion for explanation.
Type  H <return>  for immediate help.
 ...                                              
                                                  
l.150 ...t_x^\infty g(t) \mathrm{d}t\]\verb` @math
                                                  
Try typing  <return>  to proceed.
If that doesn't work, type  X <return>  to quit.

./out.tex:151: You can't use `macro parameter character #' in horizontal mode.
l.151  #
        Look Ma', I Have Equations!
Sorry, but I'm not programmed to handle this case;
I'll just pretend that you didn't ask for it.
If you're in the wrong mode, you might be able to
return to the right one by typing `I}' or `I$' or `I\par'.

./out.tex:153: Missing $ inserted.
<inserted text> 
                $
l.153  f(x) = \int
                  _x^\infty g(t) \mathrm{d}t
I've inserted a begin-math/end-math symbol since I think
you left one out. Proceed, with fingers crossed.

./out.tex:155: You can't use `macro parameter character #' in math mode.
l.155  [[#
          eqnFDefn]]{Basic Math}`Note that that $d$ will not be upright as i...
Sorry, but I'm not programmed to handle this case;
I'll just pretend that you didn't ask for it.
If you're in the wrong mode, you might be able to
return to the right one by typing `I}' or `I$' or `I\par'.

LaTeX Font Info:    Try loading font information for OMS+cmtt on input line 156
.
LaTeX Font Info:    No file OMScmtt.fd. on input line 156.

LaTeX Font Warning: Font shape `OMS/cmtt/m/n' undefined
(Font)              using `OMS/cmsy/m/n' instead
(Font)              for symbol `textbraceleft' on input line 156.

./out.tex:159: Missing $ inserted.
<inserted text> 
                $
l.159 
      
I've inserted a begin-math/end-math symbol since I think
you left one out. Proceed, with fingers crossed.


Overfull \hbox (1024.24025pt too wide) in paragraph at lines 150--159
[] \OT1/cmtt/m/n/10 @math\OT1/cmr/m/n/10 Look Ma', I Have Equa-tions! --- f(x) 
= $[][] \OML/cmm/m/it/10 g\OT1/cmr/m/n/10 (\OML/cmm/m/it/10 t\OT1/cmr/m/n/10 )d
\OML/cmm/m/it/10 t \OMS/cmtt/m/n/10 ^^@ ^^@ ^^@ \OT1/cmr/m/n/10 [[\OML/cmm/m/it
/10 eqnFDefn\OT1/cmr/m/n/10 ]][]`\OML/cmm/m/it/10 Notethatthat$\OT1/cmr/m/n/10 
d$\OML/cmm/m/it/10 willnotbeuprightasitshouldbe:We[]llfixthatlater:\OT1/cmr/m/n
/10 (\OML/cmm/m/it/10 Fixedit\OT1/cmr/m/n/10 !\OML/cmm/m/it/10 Use[]\OT1/cmr/m/
n/10 !)\OML/cmm/m/it/10 Alsonotethatweaddedan[]totheequation:IDscanbeaddedtoman
ythings:Theyalwaysappearimmediatelyfollowingthethingtheyidentify:$ 
 []

./out.tex:161: You can't use `\spacefactor' in math mode.
\@->\spacefactor 
                 \@m {}
l.161 ...te however that \emph{unlike} the $\LaTeX
                                                  $ eqnarray, you do
Sorry, but I'm not programmed to handle this case;
I'll just pretend that you didn't ask for it.
If you're in the wrong mode, you might be able to
return to the right one by typing `I}' or `I$' or `I\par'.

Missing character: There is no è in font cmex10!
[6]

./out.tex:169: LaTeX Error: \verb ended by end of line.

See the LaTeX manual or LaTeX Companion for explanation.
Type  H <return>  for immediate help.
 ...                                              
                                                  
l.169 ... &=& 2 x^2 + 3\end{align}\verb` @eqnarray
                                                  
Try typing  <return>  to proceed.
If that doesn't work, type  X <return>  to quit.

./out.tex:171: Misplaced alignment tab character &.
l.171  f(x) &
             =& 2x + 3
I can't figure out why you would want to use a tab mark
here. If you just want an ampersand, the remedy is
simple: Just type `I\&' now. But if some right brace
up above has ended a previous alignment prematurely,
you're probably due for more error messages, and you
might try typing `S' now just to see what is salvageable.

./out.tex:171: Misplaced alignment tab character &.
l.171  f(x) &=&
                2x + 3
I can't figure out why you would want to use a tab mark
here. If you just want an ampersand, the remedy is
simple: Just type `I\&' now. But if some right brace
up above has ended a previous alignment prematurely,
you're probably due for more error messages, and you
might try typing `S' now just to see what is salvageable.

./out.tex:172: Misplaced alignment tab character &.
l.172  g(y) &
             =& y^2
I can't figure out why you would want to use a tab mark
here. If you just want an ampersand, the remedy is
simple: Just type `I\&' now. But if some right brace
up above has ended a previous alignment prematurely,
you're probably due for more error messages, and you
might try typing `S' now just to see what is salvageable.

./out.tex:172: Misplaced alignment tab character &.
l.172  g(y) &=&
                y^2
I can't figure out why you would want to use a tab mark
here. If you just want an ampersand, the remedy is
simple: Just type `I\&' now. But if some right brace
up above has ended a previous alignment prematurely,
you're probably due for more error messages, and you
might try typing `S' now just to see what is salvageable.

./out.tex:172: Missing $ inserted.
<inserted text> 
                $
l.172  g(y) &=& y^
                  2
I've inserted a begin-math/end-math symbol since I think
you left one out. Proceed, with fingers crossed.

./out.tex:173: Misplaced alignment tab character &.
l.173  \implies (f \circ g) (x) &
                                 =& 2 x^2 + 3
I can't figure out why you would want to use a tab mark
here. If you just want an ampersand, the remedy is
simple: Just type `I\&' now. But if some right brace
up above has ended a previous alignment prematurely,
you're probably due for more error messages, and you
might try typing `S' now just to see what is salvageable.

./out.tex:173: Misplaced alignment tab character &.
l.173  \implies (f \circ g) (x) &=&
                                    2 x^2 + 3
I can't figure out why you would want to use a tab mark
here. If you just want an ampersand, the remedy is
simple: Just type `I\&' now. But if some right brace
up above has ended a previous alignment prematurely,
you're probably due for more error messages, and you
might try typing `S' now just to see what is salvageable.


LaTeX Warning: Reference `' on page 7 undefined on input line 176.

./out.tex:177: Missing $ inserted.
<inserted text> 
                $
l.177 
      
I've inserted a begin-math/end-math symbol since I think
you left one out. Proceed, with fingers crossed.


Overfull \hbox (412.44249pt too wide) in paragraph at lines 169--177
\OT1/cmr/m/n/10 `\OML/cmm/m/it/10 Notethatwecanusethestandard[]macrowithinthe[]
or[]environmentstoassignIDstoindividualequations:Thenwecanuse[]or[]syntaxtorefe
rtothem \OT1/cmr/m/n/10 :$ 
 []


./out.tex:178: LaTeX Error: \verb ended by end of line.

See the LaTeX manual or LaTeX Companion for explanation.
Type  H <return>  for immediate help.
 ...                                              
                                                  
l.178 ...} y &=& mx + b\end{align}\verb` @eqnarray
                                                  
Try typing  <return>  to proceed.
If that doesn't work, type  X <return>  to quit.

./out.tex:180: Misplaced alignment tab character &.
l.180  \label{importantEquation} y &
                                    =& mx + b
I can't figure out why you would want to use a tab mark
here. If you just want an ampersand, the remedy is
simple: Just type `I\&' now. But if some right brace
up above has ended a previous alignment prematurely,
you're probably due for more error messages, and you
might try typing `S' now just to see what is salvageable.

./out.tex:180: Misplaced alignment tab character &.
l.180  \label{importantEquation} y &=&
                                       mx + b
I can't figure out why you would want to use a tab mark
here. If you just want an ampersand, the remedy is
simple: Just type `I\&' now. But if some right brace
up above has ended a previous alignment prematurely,
you're probably due for more error messages, and you
might try typing `S' now just to see what is salvageable.


LaTeX Warning: Reference `the important equation' on page 7 undefined on input 
line 182.


./out.tex:185: LaTeX Error: \verb ended by end of line.

See the LaTeX manual or LaTeX Companion for explanation.
Type  H <return>  for immediate help.
 ...                                              
                                                  
l.185 ...\nu} \nonumber\end{align}\verb` @eqnarray
                                                  
Try typing  <return>  to proceed.
If that doesn't work, type  X <return>  to quit.

./out.tex:187: Missing $ inserted.
<inserted text> 
                $
l.187  R_
         {\mu \nu} - \frac{1}{2} R g_{\mu \nu} + \Lambda g_{\mu \nu} &=& \fr...
I've inserted a begin-math/end-math symbol since I think
you left one out. Proceed, with fingers crossed.

./out.tex:187: Misplaced alignment tab character &.
l.187 ...{2} R g_{\mu \nu} + \Lambda g_{\mu \nu} &
                                                  =& \frac{8 \pi G}{c^4} T_{...
I can't figure out why you would want to use a tab mark
here. If you just want an ampersand, the remedy is
simple: Just type `I\&' now. But if some right brace
up above has ended a previous alignment prematurely,
you're probably due for more error messages, and you
might try typing `S' now just to see what is salvageable.

./out.tex:187: Misplaced alignment tab character &.
l.187 ...} R g_{\mu \nu} + \Lambda g_{\mu \nu} &=&
                                                   \frac{8 \pi G}{c^4} T_{\m...
I can't figure out why you would want to use a tab mark
here. If you just want an ampersand, the remedy is
simple: Just type `I\&' now. But if some right brace
up above has ended a previous alignment prematurely,
you're probably due for more error messages, and you
might try typing `S' now just to see what is salvageable.


./out.tex:188: LaTeX Error: Environment Axiom undefined.

See the LaTeX manual or LaTeX Companion for explanation.
Type  H <return>  for immediate help.
 ...                                              
                                                  
l.188  ---`\begin{Axiom}
                        An axiom looks like this.
Your command was ignored.
Type  I <command> <return>  to replace it with another command,
or  <return>  to continue without it.

./out.tex:189: Missing $ inserted.
<inserted text> 
                $
l.189 
      
I've inserted a begin-math/end-math symbol since I think
you left one out. Proceed, with fingers crossed.

./out.tex:189: Missing \endgroup inserted.
<inserted text> 
                \endgroup 
l.189 
      
I've inserted something that you may have forgotten.
(See the <inserted text> above.)
With luck, this will get me unwedged. But if you
really didn't forget anything, try typing `2' now; then
my insertion and my current dilemma will both disappear.


./out.tex:190: LaTeX Error: \begin{document} ended by \end{Axiom}.

See the LaTeX manual or LaTeX Companion for explanation.
Type  H <return>  for immediate help.
 ...                                              
                                                  
l.190 ...\cdot y = y \cdot x\end{align}\end{Axiom}
                                                  \verb` @axiom
Your command was ignored.
Type  I <command> <return>  to replace it with another command,
or  <return>  to continue without it.

./out.tex:190: Extra \endgroup.
<recently read> \endgroup 
                          
l.190 ...\cdot y = y \cdot x\end{align}\end{Axiom}
                                                  \verb` @axiom
Things are pretty mixed up, but I think the worst is over.


./out.tex:190: LaTeX Error: \verb ended by end of line.

See the LaTeX manual or LaTeX Companion for explanation.
Type  H <return>  for immediate help.
 ...                                              
                                                  
l.190 ...cdot x\end{align}\end{Axiom}\verb` @axiom
                                                  
Try typing  <return>  to proceed.
If that doesn't work, type  X <return>  to quit.

./out.tex:196: Missing $ inserted.
<inserted text> 
                $
l.196  x \cdot
               y = y \cdot x
I've inserted a begin-math/end-math symbol since I think
you left one out. Proceed, with fingers crossed.


./out.tex:198: LaTeX Error: Environment Definition undefined.

See the LaTeX manual or LaTeX Companion for explanation.
Type  H <return>  for immediate help.
 ...                                              
                                                  
l.198  ---`\label{def-number}\begin{Definition}
                                               a \textbf{number} is an eleme...

Your command was ignored.
Type  I <command> <return>  to replace it with another command,
or  <return>  to continue without it.

./out.tex:199: Missing $ inserted.
<inserted text> 
                $
l.199 
      
I've inserted a begin-math/end-math symbol since I think
you left one out. Proceed, with fingers crossed.

./out.tex:199: Missing \endgroup inserted.
<inserted text> 
                \endgroup 
l.199 
      
I've inserted something that you may have forgotten.
(See the <inserted text> above.)
With luck, this will get me unwedged. But if you
really didn't forget anything, try typing `2' now; then
my insertion and my current dilemma will both disappear.


./out.tex:200: LaTeX Error: \begin{document} ended by \end{Definition}.

See the LaTeX manual or LaTeX Companion for explanation.
Type  H <return>  for immediate help.
 ...                                              
                                                  
l.200 \end{Definition}
                      \verb` [term=number]
Your command was ignored.
Type  I <command> <return>  to replace it with another command,
or  <return>  to continue without it.

./out.tex:200: Extra \endgroup.
<recently read> \endgroup 
                          
l.200 \end{Definition}
                      \verb` [term=number]
Things are pretty mixed up, but I think the worst is over.


./out.tex:200: LaTeX Error: \verb ended by end of line.

See the LaTeX manual or LaTeX Companion for explanation.
Type  H <return>  for immediate help.
 ...                                              
                                                  
l.200 \end{Definition}\verb` [term=number]
                                          
Try typing  <return>  to proceed.
If that doesn't work, type  X <return>  to quit.

./out.tex:205: You can't use `macro parameter character #' in horizontal mode.
l.205  [[#
          def-number]]{Definition: Number}`\label{thm-foil}\begin{Theorem}\b...
Sorry, but I'm not programmed to handle this case;
I'll just pretend that you didn't ask for it.
If you're in the wrong mode, you might be able to
return to the right one by typing `I}' or `I$' or `I\par'.


./out.tex:205: LaTeX Error: Environment Theorem undefined.

See the LaTeX manual or LaTeX Companion for explanation.
Type  H <return>  for immediate help.
 ...                                              
                                                  
l.205 ...: Number}`\label{thm-foil}\begin{Theorem}
                                                  \begin{align}(x + y)^2 = x...

Your command was ignored.
Type  I <command> <return>  to replace it with another command,
or  <return>  to continue without it.


./out.tex:207: LaTeX Error: \begin{document} ended by \end{Theorem}.

See the LaTeX manual or LaTeX Companion for explanation.
Type  H <return>  for immediate help.
 ...                                              
                                                  
l.207 \end{proof}\end{Theorem}
                              \verb` @theorem
Your command was ignored.
Type  I <command> <return>  to replace it with another command,
or  <return>  to continue without it.


./out.tex:207: LaTeX Error: \verb ended by end of line.

See the LaTeX manual or LaTeX Companion for explanation.
Type  H <return>  for immediate help.
 ...                                              
                                                  
l.207 \end{proof}\end{Theorem}\verb` @theorem
                                             
Try typing  <return>  to proceed.
If that doesn't work, type  X <return>  to quit.

./out.tex:212: Missing $ inserted.
<inserted text> 
                $
l.212  (x + y)^
               2 = x^2 + 2 xy + y^2.
I've inserted a begin-math/end-math symbol since I think
you left one out. Proceed, with fingers crossed.

./out.tex:214: Missing $ inserted.
<inserted text> 
                $
l.214 
      
I've inserted a begin-math/end-math symbol since I think
you left one out. Proceed, with fingers crossed.

./out.tex:219: You can't use `macro parameter character #' in horizontal mode.
l.219  [[#
          thm-foil]]{Theorem: FOIL}`\label{lemEasyLemma}\begin{Lemma}This is...
Sorry, but I'm not programmed to handle this case;
I'll just pretend that you didn't ask for it.
If you're in the wrong mode, you might be able to
return to the right one by typing `I}' or `I$' or `I\par'.


./out.tex:219: LaTeX Error: Environment Lemma undefined.

See the LaTeX manual or LaTeX Companion for explanation.
Type  H <return>  for immediate help.
 ...                                              
                                                  
l.219 ...: FOIL}`\label{lemEasyLemma}\begin{Lemma}
                                                  This is a lemma.  It's pre...

Your command was ignored.
Type  I <command> <return>  to replace it with another command,
or  <return>  to continue without it.


./out.tex:225: LaTeX Error: \begin{document} ended by \end{Lemma}.

See the LaTeX manual or LaTeX Companion for explanation.
Type  H <return>  for immediate help.
 ...                                              
                                                  
l.225 \end{proof}\end{Lemma}
                            \verb` @lemma
Your command was ignored.
Type  I <command> <return>  to replace it with another command,
or  <return>  to continue without it.


./out.tex:225: LaTeX Error: \verb ended by end of line.

See the LaTeX manual or LaTeX Companion for explanation.
Type  H <return>  for immediate help.
 ...                                              
                                                  
l.225 \end{proof}\end{Lemma}\verb` @lemma
                                         
Try typing  <return>  to proceed.
If that doesn't work, type  X <return>  to quit.

./out.tex:226: You can't use `macro parameter character #' in horizontal mode.
l.226  #
        Easy Lemma
Sorry, but I'm not programmed to handle this case;
I'll just pretend that you didn't ask for it.
If you're in the wrong mode, you might be able to
return to the right one by typing `I}' or `I$' or `I\par'.

./out.tex:234: Missing $ inserted.
<inserted text> 
                $
l.234  x^
         n + y^n = z^n
I've inserted a begin-math/end-math symbol since I think
you left one out. Proceed, with fingers crossed.

./out.tex:236: Missing $ inserted.
<inserted text> 
                $
l.236 
      
I've inserted a begin-math/end-math symbol since I think
you left one out. Proceed, with fingers crossed.

./out.tex:241: You can't use `macro parameter character #' in horizontal mode.
l.241  [[#
          lemEasyLemma]]{Lemma: Easy One}`\begin{Proposition}Hey, um, do you...
Sorry, but I'm not programmed to handle this case;
I'll just pretend that you didn't ask for it.
If you're in the wrong mode, you might be able to
return to the right one by typing `I}' or `I$' or `I\par'.


./out.tex:241: LaTeX Error: Environment Proposition undefined.

See the LaTeX manual or LaTeX Companion for explanation.
Type  H <return>  for immediate help.
 ...                                              
                                                  
l.241 ...ma]]{Lemma: Easy One}`\begin{Proposition}
                                                  Hey, um, do you want to go...

Your command was ignored.
Type  I <command> <return>  to replace it with another command,
or  <return>  to continue without it.


./out.tex:243: LaTeX Error: \begin{document} ended by \end{Proposition}.

See the LaTeX manual or LaTeX Companion for explanation.
Type  H <return>  for immediate help.
 ...                                              
                                                  
l.243 \end{Proposition}
                       \verb` @proposition
Your command was ignored.
Type  I <command> <return>  to replace it with another command,
or  <return>  to continue without it.


./out.tex:243: LaTeX Error: \verb ended by end of line.

See the LaTeX manual or LaTeX Companion for explanation.
Type  H <return>  for immediate help.
 ...                                              
                                                  
l.243 \end{Proposition}\verb` @proposition
                                          
Try typing  <return>  to proceed.
If that doesn't work, type  X <return>  to quit.


./out.tex:246: LaTeX Error: Environment Corollary undefined.

See the LaTeX manual or LaTeX Companion for explanation.
Type  H <return>  for immediate help.
 ...                                              
                                                  
l.246  ---`\begin{Corollary}
                            If $x, y > 2$ are prime then $x + y$ is not prime.
Your command was ignored.
Type  I <command> <return>  to replace it with another command,
or  <return>  to continue without it.

[7]

./out.tex:248: LaTeX Error: \begin{document} ended by \end{Corollary}.

See the LaTeX manual or LaTeX Companion for explanation.
Type  H <return>  for immediate help.
 ...                                              
                                                  
l.248 \end{Corollary}
                     \verb` @corollary
Your command was ignored.
Type  I <command> <return>  to replace it with another command,
or  <return>  to continue without it.


./out.tex:248: LaTeX Error: \verb ended by end of line.

See the LaTeX manual or LaTeX Companion for explanation.
Type  H <return>  for immediate help.
 ...                                              
                                                  
l.248 \end{Corollary}\verb` @corollary
                                      
Try typing  <return>  to proceed.
If that doesn't work, type  X <return>  to quit.


./out.tex:251: LaTeX Error: Environment Conjecture undefined.

See the LaTeX manual or LaTeX Companion for explanation.
Type  H <return>  for immediate help.
 ...                                              
                                                  
l.251  ---`\begin{Conjecture}
                             The product of any two primes is also prime.
Your command was ignored.
Type  I <command> <return>  to replace it with another command,
or  <return>  to continue without it.


./out.tex:253: LaTeX Error: \begin{document} ended by \end{Conjecture}.

See the LaTeX manual or LaTeX Companion for explanation.
Type  H <return>  for immediate help.
 ...                                              
                                                  
l.253 \end{Conjecture}
                      \verb` @conjecture
Your command was ignored.
Type  I <command> <return>  to replace it with another command,
or  <return>  to continue without it.


./out.tex:253: LaTeX Error: \verb ended by end of line.

See the LaTeX manual or LaTeX Companion for explanation.
Type  H <return>  for immediate help.
 ...                                              
                                                  
l.253 \end{Conjecture}\verb` @conjecture
                                        
Try typing  <return>  to proceed.
If that doesn't work, type  X <return>  to quit.


./out.tex:258: LaTeX Error: \verb ended by end of line.

See the LaTeX manual or LaTeX Companion for explanation.
Type  H <return>  for immediate help.
 ...                                              
                                                  
l.258 \end{proof}\verb` [theorem=lemEasyLemma]
                                              
Try typing  <return>  to proceed.
If that doesn't work, type  X <return>  to quit.


./out.tex:265: LaTeX Error: \verb ended by end of line.

See the LaTeX manual or LaTeX Companion for explanation.
Type  H <return>  for immediate help.
 ...                                              
                                                  
l.265 ...end{quote}\verb` [author=Albert Einstein]
                                                  
Try typing  <return>  to proceed.
If that doesn't work, type  X <return>  to quit.

./out.tex:267: You can't use `macro parameter character #' in horizontal mode.
l.267  #
        A Quote from the "Great One".
Sorry, but I'm not programmed to handle this case;
I'll just pretend that you didn't ask for it.
If you're in the wrong mode, you might be able to
return to the right one by typing `I}' or `I$' or `I\par'.

./out.tex:271: You can't use `macro parameter character #' in horizontal mode.
l.271  [[#
          qEinstein]]{Einstein Quote}`Notice in the \texttt{quote} block we ...
Sorry, but I'm not programmed to handle this case;
I'll just pretend that you didn't ask for it.
If you're in the wrong mode, you might be able to
return to the right one by typing `I}' or `I$' or `I\par'.


./out.tex:285: LaTeX Error: \verb ended by end of line.

See the LaTeX manual or LaTeX Companion for explanation.
Type  H <return>  for immediate help.
 ...                                              
                                                  
l.285 \verb` @sidenote
                      
Try typing  <return>  to proceed.
If that doesn't work, type  X <return>  to quit.

./out.tex:286: You can't use `macro parameter character #' in horizontal mode.
l.286  #
        Please be Aware:
Sorry, but I'm not programmed to handle this case;
I'll just pretend that you didn't ask for it.
If you're in the wrong mode, you might be able to
return to the right one by typing `I}' or `I$' or `I\par'.


./out.tex:298: LaTeX Error: \verb ended by end of line.

See the LaTeX manual or LaTeX Companion for explanation.
Type  H <return>  for immediate help.
 ...                                              
                                                  
l.298 \verb` @warning
                     
Try typing  <return>  to proceed.
If that doesn't work, type  X <return>  to quit.

./out.tex:299: You can't use `macro parameter character #' in horizontal mode.
l.299  #
        This is a Warning Block
Sorry, but I'm not programmed to handle this case;
I'll just pretend that you didn't ask for it.
If you're in the wrong mode, you might be able to
return to the right one by typing `I}' or `I$' or `I\par'.

./out.tex:303: You can't use `macro parameter character #' in horizontal mode.
l.303  [[#
          warningBlock]]{Warning}`\subsubsection{\label{infoBlock}This is an...
Sorry, but I'm not programmed to handle this case;
I'll just pretend that you didn't ask for it.
If you're in the wrong mode, you might be able to
return to the right one by typing `I}' or `I$' or `I\par'.

[8]

./out.tex:305: LaTeX Error: \verb ended by end of line.

See the LaTeX manual or LaTeX Companion for explanation.
Type  H <return>  for immediate help.
 ...                                              
                                                  
l.305 \verb` @info
                  
Try typing  <return>  to proceed.
If that doesn't work, type  X <return>  to quit.

./out.tex:306: You can't use `macro parameter character #' in horizontal mode.
l.306  #
        This is an Info Block
Sorry, but I'm not programmed to handle this case;
I'll just pretend that you didn't ask for it.
If you're in the wrong mode, you might be able to
return to the right one by typing `I}' or `I$' or `I\par'.

./out.tex:310: You can't use `macro parameter character #' in horizontal mode.
l.310  [[#
          infoBlock]]{Info}`\subsubsection{\label{cautionBlock}This is a Cau...
Sorry, but I'm not programmed to handle this case;
I'll just pretend that you didn't ask for it.
If you're in the wrong mode, you might be able to
return to the right one by typing `I}' or `I$' or `I\par'.


./out.tex:312: LaTeX Error: \verb ended by end of line.

See the LaTeX manual or LaTeX Companion for explanation.
Type  H <return>  for immediate help.
 ...                                              
                                                  
l.312 \verb` @caution
                     
Try typing  <return>  to proceed.
If that doesn't work, type  X <return>  to quit.

./out.tex:313: You can't use `macro parameter character #' in horizontal mode.
l.313  #
        This is a Caution Block
Sorry, but I'm not programmed to handle this case;
I'll just pretend that you didn't ask for it.
If you're in the wrong mode, you might be able to
return to the right one by typing `I}' or `I$' or `I\par'.

./out.tex:317: You can't use `macro parameter character #' in horizontal mode.
l.317  [[#
          cautionBlock]]{Caution}`\subsubsection{\label{tipBlock}This is a T...
Sorry, but I'm not programmed to handle this case;
I'll just pretend that you didn't ask for it.
If you're in the wrong mode, you might be able to
return to the right one by typing `I}' or `I$' or `I\par'.


./out.tex:319: LaTeX Error: \verb ended by end of line.

See the LaTeX manual or LaTeX Companion for explanation.
Type  H <return>  for immediate help.
 ...                                              
                                                  
l.319 \verb` @tip
                 
Try typing  <return>  to proceed.
If that doesn't work, type  X <return>  to quit.

./out.tex:320: You can't use `macro parameter character #' in horizontal mode.
l.320  #
        This is a Tip Block
Sorry, but I'm not programmed to handle this case;
I'll just pretend that you didn't ask for it.
If you're in the wrong mode, you might be able to
return to the right one by typing `I}' or `I$' or `I\par'.

./out.tex:324: You can't use `macro parameter character #' in horizontal mode.
l.324  [[#
          tipBlock]]{Tip}`If you're worried about all the wasted space in th...
Sorry, but I'm not programmed to handle this case;
I'll just pretend that you didn't ask for it.
If you're in the wrong mode, you might be able to
return to the right one by typing `I}' or `I$' or `I\par'.


Package hyperref Warning: Suppressing link with empty target on input line 335.



Package hyperref Warning: Suppressing link with empty target on input line 335.



Overfull \hbox (0.33398pt too wide) in paragraph at lines 335--339
\OT1/cmr/m/n/10 on, so we put it here.http://www.independentlearning.science/ti
ki/Basics/Fun:
 []

[9]

LaTeX Warning: Reference `on topology' on page 10 undefined on input line 352.


./out.tex:363: LaTeX Error: \verb ended by end of line.

See the LaTeX manual or LaTeX Companion for explanation.
Type  H <return>  for immediate help.
 ...                                              
                                                  
l.363 \verb" @connection
                        
Try typing  <return>  to proceed.
If that doesn't work, type  X <return>  to quit.

./out.tex:364: You can't use `macro parameter character #' in horizontal mode.
l.364  #
        A connection
Sorry, but I'm not programmed to handle this case;
I'll just pretend that you didn't ask for it.
If you're in the wrong mode, you might be able to
return to the right one by typing `I}' or `I$' or `I\par'.

./out.tex:367: You can't use `macro parameter character #' in horizontal mode.
l.367  #
        Connection Prerex
Sorry, but I'm not programmed to handle this case;
I'll just pretend that you didn't ask for it.
If you're in the wrong mode, you might be able to
return to the right one by typing `I}' or `I$' or `I\par'.

./out.tex:369: Missing $ inserted.
<inserted text> 
                $
l.369  /Basics/Logic{Mostly only _
                                  first-order_ logic will be used, but some ...
I've inserted a begin-math/end-math symbol since I think
you left one out. Proceed, with fingers crossed.

./out.tex:369: Extra }, or forgotten $.
l.369 ...t for stuff later on, so we put it here.}
                                                  
I've deleted a group-closing symbol because it seems to be
spurious, as in `$x}$'. But perhaps the } is legitimate and
you forgot something else, as in `\hbox{$x}'. In such cases
the way to recover is to insert both the forgotten and the
deleted material, e.g., by typing `I$}'.

./out.tex:372: Missing $ inserted.
<inserted text> 
                $
l.372 
      
I've inserted a begin-math/end-math symbol since I think
you left one out. Proceed, with fingers crossed.


Overfull \hbox (31.02664pt too wide) in paragraph at lines 363--372
[][] \OT1/cmtt/m/n/10 @connection\OT1/cmr/m/n/10 A con-nec-tion --- @pre-rex Co
n-nec-tion Pre-rex --- /Ba-sics/LogicMostly
 []


Overfull \hbox (241.1915pt too wide) in paragraph at lines 363--372
\OT1/cmr/m/n/10 only $[]\OML/cmm/m/it/10 irst \OMS/cmtt/m/n/10 ^^@ \OML/cmm/m/i
t/10 order[]ogicwillbeused; butsome[]econd \OMS/cmtt/m/n/10 ^^@ \OML/cmm/m/it/1
0 order[]tuffisimportantforstufflateron; soweputithere:=Basics=Fun[] \OMS/cmtt/
m/n/10 ^^@
 []

./out.tex:379: You can't use `macro parameter character #' in horizontal mode.
l.379  #
        Rendering
Sorry, but I'm not programmed to handle this case;
I'll just pretend that you didn't ask for it.
If you're in the wrong mode, you might be able to
return to the right one by typing `I}' or `I$' or `I\par'.

./out.tex:383: Missing $ inserted.
<inserted text> 
                $
l.383 ...he full screen.  In general, you should _
                                                  never_ rely
I've inserted a begin-math/end-math symbol since I think
you left one out. Proceed, with fingers crossed.

./out.tex:390: You can't use `macro parameter character #' in math mode.
l.390  [[#
          renderingInfo]]{Rendering Info}
Sorry, but I'm not programmed to handle this case;
I'll just pretend that you didn't ask for it.
If you're in the wrong mode, you might be able to
return to the right one by typing `I}' or `I$' or `I\par'.

./out.tex:391: Missing $ inserted.
<inserted text> 
                $
l.391 
      
I've inserted a begin-math/end-math symbol since I think
you left one out. Proceed, with fingers crossed.


Overfull \hbox (1233.1922pt too wide) in paragraph at lines 378--391
\OT1/cmr/m/n/10 dered across the full screen. In gen-eral, you should $[]\OML/c
mm/m/it/10 ever[]elyonthepositionofsomethingrelativetosomethingelse; oritssize:
Thisisbecauseidochasbeendesignedtohavepluggablethemes; andthewebrenderercreates
[]esponsive[]tmlthatisfreetoreorganizecontenttobettermatchthedevicessize:Theref
ore; \OMS/cmtt/m/n/10 ^^C\OML/cmm/m/it/10 wheneveryourefertosomething; pleasepl
easepleaseuseanID \OMS/cmtt/m/n/10 ^^C
 []

./out.tex:395: You can't use `macro parameter character #' in horizontal mode.
l.395  <</Math/Topology/Homeomorphism#
                                      >>{on topology}, we might want to talk
Sorry, but I'm not programmed to handle this case;
I'll just pretend that you didn't ask for it.
If you're in the wrong mode, you might be able to
return to the right one by typing `I}' or `I$' or `I\par'.

./out.tex:396: Missing $ inserted.
<inserted text> 
                $
l.396 ...ow is difficult to prove two things are _
                                                  not_ homeomorphic, and
I've inserted a begin-math/end-math symbol since I think
you left one out. Proceed, with fingers crossed.

./out.tex:402: Missing $ inserted.
<inserted text> 
                $
l.402 
      
I've inserted a begin-math/end-math symbol since I think
you left one out. Proceed, with fingers crossed.


Overfull \hbox (593.90042pt too wide) in paragraph at lines 392--402
[]\OML/cmm/m/it/10 ot[]omeomorphic; andhowthefundamentalgroupisusefulbecauseofi
tsstatusasatopologicalinvariant:However; wedon[]tknowifthereadersactuallyknowgr
ouptheory:Thiswouldbethetimeyouwoulduseaconnection \OMS/cmtt/m/n/10 ^^@
 []


Overfull \hbox (104.80136pt too wide) in paragraph at lines 392--402
\OMS/cmtt/m/n/10 ^^@\OML/cmm/m/it/10 grouptheoryisnotneededtounderstandhomeomor
phisms; butit[]s[]eededtounderstandthissmallaside:$ 
 []

./out.tex:406: You can't use `macro parameter character #' in horizontal mode.
l.406  [[#
          myConnection]]{A Connection}"\subsubsection{But What \emph{is} the...
Sorry, but I'm not programmed to handle this case;
I'll just pretend that you didn't ask for it.
If you're in the wrong mode, you might be able to
return to the right one by typing `I}' or `I$' or `I\par'.

[10]

./out.tex:418: LaTeX Error: \verb ended by end of line.

See the LaTeX manual or LaTeX Companion for explanation.
Type  H <return>  for immediate help.
 ...                                              
                                                  
l.418 \verb` @intuition
                       
Try typing  <return>  to proceed.
If that doesn't work, type  X <return>  to quit.

./out.tex:419: You can't use `macro parameter character #' in horizontal mode.
l.419  #
         But What _is_ the Determinant?! -- An Example Intuition Block
Sorry, but I'm not programmed to handle this case;
I'll just pretend that you didn't ask for it.
If you're in the wrong mode, you might be able to
return to the right one by typing `I}' or `I$' or `I\par'.

./out.tex:419: Missing $ inserted.
<inserted text> 
                $
l.419  # But What _
                   is_ the Determinant?! -- An Example Intuition Block
I've inserted a begin-math/end-math symbol since I think
you left one out. Proceed, with fingers crossed.

./out.tex:435: Missing $ inserted.
<inserted text> 
                $
l.435 
      
I've inserted a begin-math/end-math symbol since I think
you left one out. Proceed, with fingers crossed.


Overfull \hbox (13.7947pt too wide) in paragraph at lines 418--435
[][] \OT1/cmtt/m/n/10 @intuition \OT1/cmr/m/n/10 But What $[]\OML/cmm/m/it/10 s
[]heDeterminant\OT1/cmr/m/n/10 ?! \OMS/cmtt/m/n/10 ^^@ ^^@\OML/cmm/m/it/10 AnEx
ampleIntuitionBlock \OMS/cmtt/m/n/10 ^^@
 []


Overfull \hbox (637.36162pt too wide) in paragraph at lines 418--435
\OMS/cmtt/m/n/10 ^^@ ^^@ \OML/cmm/m/it/10 Thedeterminantfromageometricpointofvi
ewisusedtotalkabout[]olume[]Ifyougrokthis; theneverythingelsewillfallintoplace:
Forexample; thereasonalineartransformationisinvertibleifandonlyifitsdeterminant
isnon \OMS/cmtt/m/n/10 ^^@
 []


Overfull \hbox (1378.49034pt too wide) in paragraph at lines 418--435
\OML/cmm/m/it/10 zeroisbecausewhenit[]s[]ero; themapisgoingtomapasetofbasisvect
orsinyour$\OT1/cmr/m/n/10 n$\OMS/cmtt/m/n/10 ^^@\OML/cmm/m/it/10 dimensionalspa
ceintosomesmaller$\OT1/cmr/m/n/10 m$\OMS/cmtt/m/n/10 ^^@\OML/cmm/m/it/10 dimens
ionalspace:This$\OT1/cmr/m/n/10 m$\OMS/cmtt/m/n/10 ^^@\OML/cmm/m/it/10 dimensio
nalspacehaszero\OT1/cmr/m/n/10 "\OML/cmm/m/it/10 volume\OT1/cmr/m/n/10 "\OML/cm
m/m/it/10 comparedtothe$\OT1/cmr/m/n/10 n$\OMS/cmtt/m/n/10 ^^@\OML/cmm/m/it/10 
dimensionalone; andsoyou[]rebasicallylosingawholedimension:Thereisnowaytothenma
plinearlybacktothebiggerspace:Itwouldbeliketryingtofindalinearfunctionthatmapst
hesquaretothecube\OT1/cmr/m/n/10 ! \OMS/cmtt/m/n/10 ^^@
 []


Overfull \hbox (324.06567pt too wide) in paragraph at lines 418--435
\OMS/cmtt/m/n/10 ^^@ ^^@ \OT1/cmr/m/n/10 `[]\OML/cmm/m/it/10 and[]arealsoakeywa
yforpeopletolearn:Thedifferencebetweenthetwoisthatessentiallyanexerciseisanexam
plewithoutasolution:$ 
 []


./out.tex:442: LaTeX Error: \verb ended by end of line.

See the LaTeX manual or LaTeX Companion for explanation.
Type  H <return>  for immediate help.
 ...                                              
                                                  
l.442 \verb` @example
                     
Try typing  <return>  to proceed.
If that doesn't work, type  X <return>  to quit.

./out.tex:452: You can't use `macro parameter character #' in horizontal mode.
l.452  [[#
          exExample]]{An Example}`\subsubsection{Exercise}What is largest ra...
Sorry, but I'm not programmed to handle this case;
I'll just pretend that you didn't ask for it.
If you're in the wrong mode, you might be able to
return to the right one by typing `I}' or `I$' or `I\par'.


./out.tex:455: LaTeX Error: \verb ended by end of line.

See the LaTeX manual or LaTeX Companion for explanation.
Type  H <return>  for immediate help.
 ...                                              
                                                  
l.455 \verb` @exercise
                      
Try typing  <return>  to proceed.
If that doesn't work, type  X <return>  to quit.


LaTeX Warning: Reference `this' on page 11 undefined on input line 461.


LaTeX Warning: Reference `this' on page 11 undefined on input line 462.


Overfull \hbox (0.38455pt too wide) in paragraph at lines 459--472
\OT1/cmtt/m/n/10 bibliography \OT1/cmr/m/n/10 blocks. This is be-cause the text
 of a doc should be \OT1/cmr/m/it/10 self-contained\OT1/cmr/m/n/10 .
 []


LaTeX Warning: Reference `this' on page 11 undefined on input line 477.


LaTeX Warning: Reference `this' on page 11 undefined on input line 478.


LaTeX Warning: Reference `this right here' on page 11 undefined on input line 4
85.

[11]

LaTeX Warning: Reference `' on page 12 undefined on input line 495.

[12]
\tf@toc=\write5
\openout5 = `out.toc'.

Package atveryend Info: Empty hook `BeforeClearDocument' on input line 507.
Package atveryend Info: Empty hook `AfterLastShipout' on input line 507.
 (./out.aux)
Package atveryend Info: Executing hook `AtVeryEndDocument' on input line 507.
Package atveryend Info: Executing hook `AtEndAfterFileList' on input line 507.
Package rerunfilecheck Info: File `out.out' has not changed.
(rerunfilecheck)             Checksum: 3C6C9F72BBCD46F514C7916CAE3445A7;307.


LaTeX Font Warning: Some font shapes were not available, defaults substituted.


LaTeX Warning: There were undefined references.


LaTeX Warning: There were multiply-defined labels.

Package atveryend Info: Empty hook `AtVeryVeryEnd' on input line 507.
 )
(\end occurred inside a group at level 1)

### simple group (level 1) entered at line 369 ({)
### bottom level 
Here is how much of TeX's memory you used:
 9478 strings out of 493013
 132858 string characters out of 6135682
 253648 words of memory out of 5000000
 12890 multiletter control sequences out of 15000+600000
 15896 words of font info for 60 fonts, out of 8000000 for 9000
 1141 hyphenation exceptions out of 8191
 31i,11n,29p,626b,389s stack positions out of 5000i,500n,10000p,200000b,80000s
</usr/share/texlive/texmf-dist/fonts/type1/public/amsfonts/cm/c
mbx10.pfb></usr/share/texlive/texmf-dist/fonts/type1/public/amsfonts/cm/cmbx12.
pfb></usr/share/texlive/texmf-dist/fonts/type1/public/amsfonts/cm/cmbxti10.pfb>
</usr/share/texlive/texmf-dist/fonts/type1/public/amsfonts/cm/cmex10.pfb></usr/
share/texlive/texmf-dist/fonts/type1/public/amsfonts/cm/cmmi10.pfb></usr/share/
texlive/texmf-dist/fonts/type1/public/amsfonts/cm/cmmi7.pfb></usr/share/texlive
/texmf-dist/fonts/type1/public/amsfonts/cm/cmr10.pfb></usr/share/texlive/texmf-
dist/fonts/type1/public/amsfonts/cm/cmr12.pfb></usr/share/texlive/texmf-dist/fo
nts/type1/public/amsfonts/cm/cmr5.pfb></usr/share/texlive/texmf-dist/fonts/type
1/public/amsfonts/cm/cmr7.pfb></usr/share/texlive/texmf-dist/fonts/type1/public
/amsfonts/cm/cmsl10.pfb></usr/share/texlive/texmf-dist/fonts/type1/public/amsfo
nts/cm/cmsy10.pfb></usr/share/texlive/texmf-dist/fonts/type1/public/amsfonts/cm
/cmsy7.pfb></usr/share/texlive/texmf-dist/fonts/type1/public/amsfonts/cm/cmti10
.pfb></usr/share/texlive/texmf-dist/fonts/type1/public/amsfonts/cm/cmtt10.pfb>
Output written on out.pdf (12 pages, 211173 bytes).
PDF statistics:
 196 PDF objects out of 1000 (max. 8388607)
 165 compressed objects within 2 object streams
 52 named destinations out of 1000 (max. 500000)
 49 words of extra memory for PDF output out of 10000 (max. 10000000)

